<?xml version="1.0" encoding="UTF-8"?>
<testng-results skipped="0" failed="1" ignored="0" total="3" passed="2">
  <reporter-output>
  </reporter-output>
  <suite name="Suite" duration-ms="48422" started-at="2020-06-21T14:07:15Z" finished-at="2020-06-21T14:08:04Z">
    <groups>
    </groups>
    <test name="Test" duration-ms="48422" started-at="2020-06-21T14:07:15Z" finished-at="2020-06-21T14:08:04Z">
      <class name="com.test.OrangeHRMTest">
        <test-method status="PASS" signature="BeforeSuite()[pri:0, instance:com.test.OrangeHRMTest@146ba0ac]" name="BeforeSuite" is-config="true" duration-ms="374" started-at="2020-06-21T14:07:15Z" finished-at="2020-06-21T14:07:15Z">
          <reporter-output>
          </reporter-output>
        </test-method> <!-- BeforeSuite -->
        <test-method status="PASS" signature="setup()[pri:0, instance:com.test.OrangeHRMTest@146ba0ac]" name="setup" is-config="true" duration-ms="9080" started-at="2020-06-21T14:07:15Z" finished-at="2020-06-21T14:07:24Z">
          <reporter-output>
          </reporter-output>
        </test-method> <!-- setup -->
        <test-method status="PASS" signature="loginPageTest()[pri:0, instance:com.test.OrangeHRMTest@146ba0ac]" name="loginPageTest" duration-ms="2225" started-at="2020-06-21T14:07:24Z" finished-at="2020-06-21T14:07:27Z">
          <reporter-output>
          </reporter-output>
        </test-method> <!-- loginPageTest -->
        <test-method status="PASS" signature="tearDown(org.testng.ITestResult)[pri:0, instance:com.test.OrangeHRMTest@146ba0ac]" name="tearDown" is-config="true" duration-ms="155" started-at="2020-06-21T14:07:27Z" finished-at="2020-06-21T14:07:27Z">
          <params>
            <param index="0">
              <value>
                <![CDATA[[TestResult name=loginPageTest status=SUCCESS method=OrangeHRMTest.loginPageTest()[pri:0, instance:com.test.OrangeHRMTest@146ba0ac] output={null}]]]>
              </value>
            </param>
          </params>
          <reporter-output>
          </reporter-output>
        </test-method> <!-- tearDown -->
        <test-method status="PASS" signature="setup()[pri:0, instance:com.test.OrangeHRMTest@146ba0ac]" name="setup" is-config="true" duration-ms="8420" started-at="2020-06-21T14:07:27Z" finished-at="2020-06-21T14:07:35Z">
          <reporter-output>
          </reporter-output>
        </test-method> <!-- setup -->
        <test-method status="FAIL" signature="loginTest()[pri:0, instance:com.test.OrangeHRMTest@146ba0ac]" name="loginTest" duration-ms="18122" started-at="2020-06-21T14:07:35Z" finished-at="2020-06-21T14:07:53Z">
          <exception class="java.lang.AssertionError">
            <message>
              <![CDATA[expected [OrangeHRM] but found [opensource-demo.orangehrmlive.com]]]>
            </message>
            <full-stacktrace>
              <![CDATA[java.lang.AssertionError: expected [OrangeHRM] but found [opensource-demo.orangehrmlive.com]
at org.testng.Assert.fail(Assert.java:96)
at org.testng.Assert.failNotEquals(Assert.java:776)
at org.testng.Assert.assertEqualsImpl(Assert.java:137)
at org.testng.Assert.assertEquals(Assert.java:118)
at org.testng.Assert.assertEquals(Assert.java:453)
at org.testng.Assert.assertEquals(Assert.java:463)
at com.test.OrangeHRMTest.loginTest(OrangeHRMTest.java:26)
at sun.reflect.NativeMethodAccessorImpl.invoke0(Native Method)
at sun.reflect.NativeMethodAccessorImpl.invoke(NativeMethodAccessorImpl.java:62)
at sun.reflect.DelegatingMethodAccessorImpl.invoke(DelegatingMethodAccessorImpl.java:43)
at java.lang.reflect.Method.invoke(Method.java:498)
at org.testng.internal.MethodInvocationHelper.invokeMethod(MethodInvocationHelper.java:124)
at org.testng.internal.Invoker.invokeMethod(Invoker.java:583)
at org.testng.internal.Invoker.invokeTestMethod(Invoker.java:719)
at org.testng.internal.Invoker.invokeTestMethods(Invoker.java:989)
at org.testng.internal.TestMethodWorker.invokeTestMethods(TestMethodWorker.java:125)
at org.testng.internal.TestMethodWorker.run(TestMethodWorker.java:109)
at org.testng.TestRunner.privateRun(TestRunner.java:648)
at org.testng.TestRunner.run(TestRunner.java:505)
at org.testng.SuiteRunner.runTest(SuiteRunner.java:455)
at org.testng.SuiteRunner.runSequentially(SuiteRunner.java:450)
at org.testng.SuiteRunner.privateRun(SuiteRunner.java:415)
at org.testng.SuiteRunner.run(SuiteRunner.java:364)
at org.testng.SuiteRunnerWorker.runSuite(SuiteRunnerWorker.java:52)
at org.testng.SuiteRunnerWorker.run(SuiteRunnerWorker.java:84)
at org.testng.TestNG.runSuitesSequentially(TestNG.java:1208)
at org.testng.TestNG.runSuitesLocally(TestNG.java:1137)
at org.testng.TestNG.runSuites(TestNG.java:1049)
at org.testng.TestNG.run(TestNG.java:1017)
at org.testng.remote.AbstractRemoteTestNG.run(AbstractRemoteTestNG.java:115)
at org.testng.remote.RemoteTestNG.initAndRun(RemoteTestNG.java:251)
at org.testng.remote.RemoteTestNG.main(RemoteTestNG.java:77)
]]>
            </full-stacktrace>
          </exception> <!-- java.lang.AssertionError -->
          <reporter-output>
          </reporter-output>
        </test-method> <!-- loginTest -->
        <test-method status="PASS" signature="tearDown(org.testng.ITestResult)[pri:0, instance:com.test.OrangeHRMTest@146ba0ac]" name="tearDown" is-config="true" duration-ms="2164" started-at="2020-06-21T14:07:54Z" finished-at="2020-06-21T14:07:56Z">
          <params>
            <param index="0">
              <value>
                <![CDATA[[TestResult name=loginTest status=FAILURE method=OrangeHRMTest.loginTest()[pri:0, instance:com.test.OrangeHRMTest@146ba0ac] output={null}]]]>
              </value>
            </param>
          </params>
          <reporter-output>
          </reporter-output>
        </test-method> <!-- tearDown -->
        <test-method status="PASS" signature="setup()[pri:0, instance:com.test.OrangeHRMTest@146ba0ac]" name="setup" is-config="true" duration-ms="7362" started-at="2020-06-21T14:07:56Z" finished-at="2020-06-21T14:08:03Z">
          <reporter-output>
          </reporter-output>
        </test-method> <!-- setup -->
        <test-method status="PASS" signature="sampleCase()[pri:0, instance:com.test.OrangeHRMTest@146ba0ac]" name="sampleCase" duration-ms="14" started-at="2020-06-21T14:08:03Z" finished-at="2020-06-21T14:08:03Z">
          <reporter-output>
          </reporter-output>
        </test-method> <!-- sampleCase -->
        <test-method status="PASS" signature="tearDown(org.testng.ITestResult)[pri:0, instance:com.test.OrangeHRMTest@146ba0ac]" name="tearDown" is-config="true" duration-ms="153" started-at="2020-06-21T14:08:03Z" finished-at="2020-06-21T14:08:04Z">
          <params>
            <param index="0">
              <value>
                <![CDATA[[TestResult name=sampleCase status=SUCCESS method=OrangeHRMTest.sampleCase()[pri:0, instance:com.test.OrangeHRMTest@146ba0ac] output={null}]]]>
              </value>
            </param>
          </params>
          <reporter-output>
          </reporter-output>
        </test-method> <!-- tearDown -->
        <test-method status="PASS" signature="AfterSuite()[pri:0, instance:com.test.OrangeHRMTest@146ba0ac]" name="AfterSuite" is-config="true" duration-ms="604" started-at="2020-06-21T14:08:04Z" finished-at="2020-06-21T14:08:04Z">
          <reporter-output>
          </reporter-output>
        </test-method> <!-- AfterSuite -->
      </class> <!-- com.test.OrangeHRMTest -->
    </test> <!-- Test -->
  </suite> <!-- Suite -->
</testng-results>
